<?xml version="1.0" encoding="UTF-8"?>
<!-- Generated by org.testng.reporters.JUnitReportReporter -->
<testsuite skipped="0" hostname="LAPTOP-NFQMVHO2" name="com.leafBot.testcases.TC002_CreateLead" tests="2" failures="0" timestamp="11 Nov 2019 17:16:22 GMT" time="93.872" errors="0">
  <testcase name="runTC001" time="48.287" classname="com.leafBot.testcases.TC002_CreateLead"/>
  <testcase name="runTC001" time="45.585" classname="com.leafBot.testcases.TC002_CreateLead"/>
</testsuite> <!-- com.leafBot.testcases.TC002_CreateLead -->
